  [1m[35m (115.0ms)[0m  [1m[35mCREATE DATABASE "music_app_development" ENCODING = 'unicode'[0m
  [1m[35m (90.2ms)[0m  [1m[35mCREATE DATABASE "music_app_test" ENCODING = 'unicode'[0m
  [1m[35m (20.4ms)[0m  [1m[35mCREATE TABLE "schema_migrations" ("version" character varying NOT NULL PRIMARY KEY)[0m
  [1m[35m (2.2ms)[0m  [1m[35mCREATE TABLE "ar_internal_metadata" ("key" character varying NOT NULL PRIMARY KEY, "value" character varying, "created_at" timestamp(6) NOT NULL, "updated_at" timestamp(6) NOT NULL)[0m
  [1m[35m (0.1ms)[0m  [1m[34mSELECT pg_try_advisory_lock(4505726345591715405)[0m
  [1m[36mActiveRecord::SchemaMigration Pluck (0.3ms)[0m  [1m[34mSELECT "schema_migrations"."version" FROM "schema_migrations" ORDER BY "schema_migrations"."version" ASC[0m
Migrating to CreateBands (20230314175951)
  [1m[36mTRANSACTION (0.0ms)[0m  [1m[35mBEGIN[0m
  [1m[35m (7.2ms)[0m  [1m[35mCREATE TABLE "bands" ("id" bigserial primary key, "name" character varying, "created_at" timestamp(6) NOT NULL, "updated_at" timestamp(6) NOT NULL)[0m
  [1m[36mActiveRecord::SchemaMigration Create (5.1ms)[0m  [1m[32mINSERT INTO "schema_migrations" ("version") VALUES ($1) RETURNING "version"[0m  [["version", "20230314175951"]]
  [1m[36mTRANSACTION (0.2ms)[0m  [1m[35mCOMMIT[0m
  [1m[36mActiveRecord::InternalMetadata Load (5.5ms)[0m  [1m[34mSELECT "ar_internal_metadata".* FROM "ar_internal_metadata" WHERE "ar_internal_metadata"."key" = $1 LIMIT $2[0m  [["key", "environment"], ["LIMIT", 1]]
  [1m[36mTRANSACTION (0.2ms)[0m  [1m[35mBEGIN[0m
  [1m[36mActiveRecord::InternalMetadata Create (0.6ms)[0m  [1m[32mINSERT INTO "ar_internal_metadata" ("key", "value", "created_at", "updated_at") VALUES ($1, $2, $3, $4) RETURNING "key"[0m  [["key", "environment"], ["value", "development"], ["created_at", "2023-03-14 18:04:51.259133"], ["updated_at", "2023-03-14 18:04:51.259133"]]
  [1m[36mTRANSACTION (0.2ms)[0m  [1m[35mCOMMIT[0m
  [1m[35m (0.2ms)[0m  [1m[34mSELECT pg_advisory_unlock(4505726345591715405)[0m
  [1m[36mActiveRecord::SchemaMigration Pluck (0.7ms)[0m  [1m[34mSELECT "schema_migrations"."version" FROM "schema_migrations" ORDER BY "schema_migrations"."version" ASC[0m
  [1m[36mActiveRecord::SchemaMigration Pluck (0.7ms)[0m  [1m[34mSELECT "schema_migrations"."version" FROM "schema_migrations" ORDER BY "schema_migrations"."version" ASC[0m
  [1m[36mActiveRecord::SchemaMigration Pluck (0.1ms)[0m  [1m[34mSELECT "schema_migrations"."version" FROM "schema_migrations" ORDER BY "schema_migrations"."version" ASC[0m
  [1m[36mActiveRecord::SchemaMigration Pluck (0.1ms)[0m  [1m[34mSELECT "schema_migrations"."version" FROM "schema_migrations" ORDER BY "schema_migrations"."version" ASC[0m
  [1m[35m (0.1ms)[0m  [1m[34mSELECT pg_try_advisory_lock(4505726345591715405)[0m
  [1m[36mActiveRecord::SchemaMigration Pluck (0.1ms)[0m  [1m[34mSELECT "schema_migrations"."version" FROM "schema_migrations" ORDER BY "schema_migrations"."version" ASC[0m
Migrating to CreateBands (20230314175951)
  [1m[36mTRANSACTION (0.1ms)[0m  [1m[35mBEGIN[0m
  [1m[35m (7.7ms)[0m  [1m[35mDROP TABLE "bands"[0m
  [1m[36mActiveRecord::SchemaMigration Delete All (0.4ms)[0m  [1m[31mDELETE FROM "schema_migrations" WHERE "schema_migrations"."version" = $1[0m  [["version", "20230314175951"]]
  [1m[36mTRANSACTION (6.4ms)[0m  [1m[35mCOMMIT[0m
  [1m[35m (0.3ms)[0m  [1m[34mSELECT pg_advisory_unlock(4505726345591715405)[0m
  [1m[36mActiveRecord::SchemaMigration Pluck (0.5ms)[0m  [1m[34mSELECT "schema_migrations"."version" FROM "schema_migrations" ORDER BY "schema_migrations"."version" ASC[0m
  [1m[35m (0.1ms)[0m  [1m[34mSELECT pg_try_advisory_lock(4505726345591715405)[0m
  [1m[36mActiveRecord::SchemaMigration Pluck (0.7ms)[0m  [1m[34mSELECT "schema_migrations"."version" FROM "schema_migrations" ORDER BY "schema_migrations"."version" ASC[0m
Migrating to CreateBands (20230314175951)
  [1m[36mTRANSACTION (0.1ms)[0m  [1m[35mBEGIN[0m
  [1m[35m (16.8ms)[0m  [1m[35mCREATE TABLE "bands" ("id" bigserial primary key, "name" character varying NOT NULL, "created_at" timestamp(6) NOT NULL, "updated_at" timestamp(6) NOT NULL)[0m
  [1m[36mActiveRecord::SchemaMigration Create (0.3ms)[0m  [1m[32mINSERT INTO "schema_migrations" ("version") VALUES ($1) RETURNING "version"[0m  [["version", "20230314175951"]]
  [1m[36mTRANSACTION (3.7ms)[0m  [1m[35mCOMMIT[0m
  [1m[36mActiveRecord::InternalMetadata Load (0.4ms)[0m  [1m[34mSELECT "ar_internal_metadata".* FROM "ar_internal_metadata" WHERE "ar_internal_metadata"."key" = $1 LIMIT $2[0m  [["key", "environment"], ["LIMIT", 1]]
  [1m[35m (0.3ms)[0m  [1m[34mSELECT pg_advisory_unlock(4505726345591715405)[0m
  [1m[36mActiveRecord::SchemaMigration Pluck (0.4ms)[0m  [1m[34mSELECT "schema_migrations"."version" FROM "schema_migrations" ORDER BY "schema_migrations"."version" ASC[0m
  [1m[35m (0.1ms)[0m  [1m[34mSELECT pg_try_advisory_lock(4505726345591715405)[0m
  [1m[36mActiveRecord::SchemaMigration Pluck (0.6ms)[0m  [1m[34mSELECT "schema_migrations"."version" FROM "schema_migrations" ORDER BY "schema_migrations"."version" ASC[0m
Migrating to CreateUsers (20230314181708)
  [1m[36mTRANSACTION (0.1ms)[0m  [1m[35mBEGIN[0m
  [1m[35m (10.4ms)[0m  [1m[35mCREATE TABLE "users" ("id" bigserial primary key, "email" character varying NOT NULL, "password_digest" character varying NOT NULL, "session_token" character varying NOT NULL, "created_at" timestamp(6) NOT NULL, "updated_at" timestamp(6) NOT NULL)[0m
  [1m[36mActiveRecord::SchemaMigration Create (0.7ms)[0m  [1m[32mINSERT INTO "schema_migrations" ("version") VALUES ($1) RETURNING "version"[0m  [["version", "20230314181708"]]
  [1m[36mTRANSACTION (0.7ms)[0m  [1m[35mCOMMIT[0m
  [1m[36mActiveRecord::InternalMetadata Load (0.3ms)[0m  [1m[34mSELECT "ar_internal_metadata".* FROM "ar_internal_metadata" WHERE "ar_internal_metadata"."key" = $1 LIMIT $2[0m  [["key", "environment"], ["LIMIT", 1]]
  [1m[35m (0.3ms)[0m  [1m[34mSELECT pg_advisory_unlock(4505726345591715405)[0m
  [1m[36mActiveRecord::SchemaMigration Pluck (0.6ms)[0m  [1m[34mSELECT "schema_migrations"."version" FROM "schema_migrations" ORDER BY "schema_migrations"."version" ASC[0m
  [1m[36mActiveRecord::SchemaMigration Pluck (0.8ms)[0m  [1m[34mSELECT "schema_migrations"."version" FROM "schema_migrations" ORDER BY "schema_migrations"."version" ASC[0m
  [1m[36mActiveRecord::SchemaMigration Pluck (0.1ms)[0m  [1m[34mSELECT "schema_migrations"."version" FROM "schema_migrations" ORDER BY "schema_migrations"."version" ASC[0m
  [1m[36mActiveRecord::SchemaMigration Pluck (0.1ms)[0m  [1m[34mSELECT "schema_migrations"."version" FROM "schema_migrations" ORDER BY "schema_migrations"."version" ASC[0m
  [1m[35m (0.1ms)[0m  [1m[34mSELECT pg_try_advisory_lock(4505726345591715405)[0m
  [1m[36mActiveRecord::SchemaMigration Pluck (0.1ms)[0m  [1m[34mSELECT "schema_migrations"."version" FROM "schema_migrations" ORDER BY "schema_migrations"."version" ASC[0m
Migrating to CreateUsers (20230314181708)
  [1m[36mTRANSACTION (0.1ms)[0m  [1m[35mBEGIN[0m
  [1m[35m (10.0ms)[0m  [1m[35mDROP TABLE "users"[0m
  [1m[36mActiveRecord::SchemaMigration Delete All (0.6ms)[0m  [1m[31mDELETE FROM "schema_migrations" WHERE "schema_migrations"."version" = $1[0m  [["version", "20230314181708"]]
  [1m[36mTRANSACTION (7.7ms)[0m  [1m[35mCOMMIT[0m
  [1m[35m (0.2ms)[0m  [1m[34mSELECT pg_advisory_unlock(4505726345591715405)[0m
  [1m[36mActiveRecord::SchemaMigration Pluck (0.5ms)[0m  [1m[34mSELECT "schema_migrations"."version" FROM "schema_migrations" ORDER BY "schema_migrations"."version" ASC[0m
  [1m[35m (0.1ms)[0m  [1m[34mSELECT pg_try_advisory_lock(4505726345591715405)[0m
  [1m[36mActiveRecord::SchemaMigration Pluck (0.6ms)[0m  [1m[34mSELECT "schema_migrations"."version" FROM "schema_migrations" ORDER BY "schema_migrations"."version" ASC[0m
Migrating to CreateUsers (20230314181708)
  [1m[36mTRANSACTION (0.1ms)[0m  [1m[35mBEGIN[0m
  [1m[35m (4.8ms)[0m  [1m[35mCREATE TABLE "users" ("id" bigserial primary key, "email" character varying NOT NULL, "password_digest" character varying NOT NULL, "session_token" character varying NOT NULL, "created_at" timestamp(6) NOT NULL, "updated_at" timestamp(6) NOT NULL)[0m
  [1m[35m (1.6ms)[0m  [1m[35mCREATE INDEX "index_users_on_session_token" ON "users" ("session_token")[0m
  [1m[36mActiveRecord::SchemaMigration Create (0.4ms)[0m  [1m[32mINSERT INTO "schema_migrations" ("version") VALUES ($1) RETURNING "version"[0m  [["version", "20230314181708"]]
  [1m[36mTRANSACTION (0.6ms)[0m  [1m[35mCOMMIT[0m
  [1m[36mActiveRecord::InternalMetadata Load (0.5ms)[0m  [1m[34mSELECT "ar_internal_metadata".* FROM "ar_internal_metadata" WHERE "ar_internal_metadata"."key" = $1 LIMIT $2[0m  [["key", "environment"], ["LIMIT", 1]]
  [1m[35m (0.3ms)[0m  [1m[34mSELECT pg_advisory_unlock(4505726345591715405)[0m
  [1m[36mActiveRecord::SchemaMigration Pluck (0.6ms)[0m  [1m[34mSELECT "schema_migrations"."version" FROM "schema_migrations" ORDER BY "schema_migrations"."version" ASC[0m
Started GET "/" for ::1 at 2023-03-14 12:14:07 -0700
  [1m[36mActiveRecord::SchemaMigration Pluck (1.3ms)[0m  [1m[34mSELECT "schema_migrations"."version" FROM "schema_migrations" ORDER BY "schema_migrations"."version" ASC[0m
Processing by Rails::WelcomeController#index as HTML
  Rendering /Users/deric/.rbenv/versions/3.1.1/lib/ruby/gems/3.1.0/gems/railties-7.0.4.3/lib/rails/templates/rails/welcome/index.html.erb
  Rendered /Users/deric/.rbenv/versions/3.1.1/lib/ruby/gems/3.1.0/gems/railties-7.0.4.3/lib/rails/templates/rails/welcome/index.html.erb (Duration: 0.7ms | Allocations: 526)
Completed 200 OK in 4ms (Views: 2.2ms | ActiveRecord: 0.0ms | Allocations: 2810)


Started GET "/" for ::1 at 2023-03-14 12:14:12 -0700
Processing by Rails::WelcomeController#index as HTML
  Rendering /Users/deric/.rbenv/versions/3.1.1/lib/ruby/gems/3.1.0/gems/railties-7.0.4.3/lib/rails/templates/rails/welcome/index.html.erb
  Rendered /Users/deric/.rbenv/versions/3.1.1/lib/ruby/gems/3.1.0/gems/railties-7.0.4.3/lib/rails/templates/rails/welcome/index.html.erb (Duration: 1.0ms | Allocations: 278)
Completed 200 OK in 5ms (Views: 3.2ms | ActiveRecord: 0.0ms | Allocations: 917)


Started GET "/users" for ::1 at 2023-03-14 12:14:42 -0700
  
ActionController::RoutingError (No route matches [GET] "/users"):
  
Started GET "/user" for ::1 at 2023-03-14 12:14:45 -0700
  
ActionController::RoutingError (No route matches [GET] "/user"):
  
Started GET "/user" for ::1 at 2023-03-14 12:16:25 -0700
  
ActionController::RoutingError (No route matches [GET] "/user"):
  
Started GET "/user" for ::1 at 2023-03-14 12:18:05 -0700
  
ActionController::RoutingError (No route matches [GET] "/user"):
  
Started GET "/users" for ::1 at 2023-03-14 12:19:49 -0700
  
ActionController::RoutingError (No route matches [GET] "/users"):
  
Started GET "/" for ::1 at 2023-03-14 13:20:22 -0700
  [1m[36mActiveRecord::SchemaMigration Pluck (1.0ms)[0m  [1m[34mSELECT "schema_migrations"."version" FROM "schema_migrations" ORDER BY "schema_migrations"."version" ASC[0m
Processing by Rails::WelcomeController#index as HTML
  Rendering /Users/deric/.rbenv/versions/3.1.1/lib/ruby/gems/3.1.0/gems/railties-7.0.4.3/lib/rails/templates/rails/welcome/index.html.erb
  Rendered /Users/deric/.rbenv/versions/3.1.1/lib/ruby/gems/3.1.0/gems/railties-7.0.4.3/lib/rails/templates/rails/welcome/index.html.erb (Duration: 0.6ms | Allocations: 526)
Completed 200 OK in 3ms (Views: 2.0ms | ActiveRecord: 0.0ms | Allocations: 2810)


Started GET "/users/new" for ::1 at 2023-03-14 13:20:27 -0700
Processing by UsersController#new as HTML
Completed 500 Internal Server Error in 4ms (ActiveRecord: 0.0ms | Allocations: 1533)



ArgumentError - You need to supply at least one validation:
  app/models/user.rb:5:in `<class:User>'
  app/models/user.rb:1:in `<top (required)>'
  app/controllers/users_controller.rb:3:in `new'

Started POST "/__better_errors/392c047e1dc49696/variables" for ::1 at 2023-03-14 13:20:27 -0700
Started GET "/user/new" for ::1 at 2023-03-14 13:22:12 -0700
  
ActionController::RoutingError (No route matches [GET] "/user/new"):
  
Started GET "/users/new" for ::1 at 2023-03-14 13:22:26 -0700
Processing by UsersController#new as HTML
Completed 500 Internal Server Error in 2ms (ActiveRecord: 0.0ms | Allocations: 924)



ArgumentError - You need to supply at least one validation:
  app/models/user.rb:5:in `<class:User>'
  app/models/user.rb:1:in `<top (required)>'
  app/controllers/users_controller.rb:3:in `new'

Started POST "/__better_errors/e4dcfe6da935d9f7/variables" for ::1 at 2023-03-14 13:22:27 -0700
Started POST "/__better_errors/e4dcfe6da935d9f7/variables" for ::1 at 2023-03-14 13:23:43 -0700
Started POST "/__better_errors/e4dcfe6da935d9f7/variables" for ::1 at 2023-03-14 13:23:48 -0700
Started GET "/users/new" for ::1 at 2023-03-14 13:26:10 -0700
  [1m[36mActiveRecord::SchemaMigration Pluck (1.2ms)[0m  [1m[34mSELECT "schema_migrations"."version" FROM "schema_migrations" ORDER BY "schema_migrations"."version" ASC[0m
Processing by UsersController#new as HTML
Completed 500 Internal Server Error in 1ms (ActiveRecord: 0.0ms | Allocations: 1619)



ArgumentError - You need to supply at least one validation:
  app/models/user.rb:5:in `<class:User>'
  app/models/user.rb:1:in `<top (required)>'
  app/controllers/users_controller.rb:3:in `new'

Started POST "/__better_errors/5726a3b268107254/variables" for ::1 at 2023-03-14 13:26:10 -0700
Started GET "/users/new" for ::1 at 2023-03-14 13:26:39 -0700
Processing by UsersController#new as HTML
  Rendering layout layouts/application.html.erb
  Rendering users/new.html.erb within layouts/application
  Rendered users/new.html.erb within layouts/application (Duration: 0.7ms | Allocations: 476)
  Rendered layout layouts/application.html.erb (Duration: 10.5ms | Allocations: 7021)
Completed 200 OK in 28ms (Views: 13.9ms | ActiveRecord: 9.8ms | Allocations: 14555)


Started GET "/users/new" for ::1 at 2023-03-14 13:27:32 -0700
Processing by UsersController#new as HTML
  Rendering layout layouts/application.html.erb
  Rendering users/new.html.erb within layouts/application
  Rendered users/new.html.erb within layouts/application (Duration: 0.4ms | Allocations: 185)
  Rendered layout layouts/application.html.erb (Duration: 12.0ms | Allocations: 1748)
Completed 200 OK in 22ms (Views: 21.7ms | ActiveRecord: 0.0ms | Allocations: 2494)


Started GET "/users/new" for ::1 at 2023-03-14 13:27:45 -0700
Processing by UsersController#new as HTML
  Rendering layout layouts/application.html.erb
  Rendering users/new.html.erb within layouts/application
  Rendered users/new.html.erb within layouts/application (Duration: 0.9ms | Allocations: 187)
  Rendered layout layouts/application.html.erb (Duration: 6.9ms | Allocations: 1732)
Completed 200 OK in 11ms (Views: 10.1ms | ActiveRecord: 0.0ms | Allocations: 2468)


Started GET "/users/new" for ::1 at 2023-03-14 13:27:46 -0700
Processing by UsersController#new as HTML
  Rendering layout layouts/application.html.erb
  Rendering users/new.html.erb within layouts/application
  Rendered users/new.html.erb within layouts/application (Duration: 0.3ms | Allocations: 39)
  Rendered layout layouts/application.html.erb (Duration: 5.2ms | Allocations: 1205)
Completed 200 OK in 7ms (Views: 6.0ms | ActiveRecord: 0.0ms | Allocations: 1460)


Started GET "/users/new" for ::1 at 2023-03-14 13:27:46 -0700
Processing by UsersController#new as HTML
  Rendering layout layouts/application.html.erb
  Rendering users/new.html.erb within layouts/application
  Rendered users/new.html.erb within layouts/application (Duration: 0.2ms | Allocations: 39)
  Rendered layout layouts/application.html.erb (Duration: 4.4ms | Allocations: 1171)
Completed 200 OK in 6ms (Views: 5.4ms | ActiveRecord: 0.0ms | Allocations: 1390)


Started GET "/users/new" for ::1 at 2023-03-14 13:27:46 -0700
Processing by UsersController#new as HTML
  Rendering layout layouts/application.html.erb
  Rendering users/new.html.erb within layouts/application
  Rendered users/new.html.erb within layouts/application (Duration: 0.3ms | Allocations: 39)
  Rendered layout layouts/application.html.erb (Duration: 4.9ms | Allocations: 1183)
Completed 200 OK in 6ms (Views: 5.7ms | ActiveRecord: 0.0ms | Allocations: 1402)


Started GET "/users/new" for ::1 at 2023-03-14 13:28:39 -0700
Processing by UsersController#new as HTML
  Rendering layout layouts/application.html.erb
  Rendering users/new.html.erb within layouts/application
  Rendered users/new.html.erb within layouts/application (Duration: 1.0ms | Allocations: 185)
  Rendered layout layouts/application.html.erb (Duration: 5.5ms | Allocations: 1744)
Completed 200 OK in 10ms (Views: 9.3ms | ActiveRecord: 0.0ms | Allocations: 2451)


Started POST "/users%20%3E" for ::1 at 2023-03-14 13:30:18 -0700
  
ActionController::RoutingError (No route matches [POST] "/users%20%3E"):
  
Started POST "/users%20%3E" for ::1 at 2023-03-14 13:30:35 -0700
  
ActionController::RoutingError (No route matches [POST] "/users%20%3E"):
  
Started POST "/users%20%3E" for ::1 at 2023-03-14 13:30:45 -0700
  [1m[36mActiveRecord::SchemaMigration Pluck (0.9ms)[0m  [1m[34mSELECT "schema_migrations"."version" FROM "schema_migrations" ORDER BY "schema_migrations"."version" ASC[0m
  
ActionController::RoutingError (No route matches [POST] "/users%20%3E"):
  
Started GET "/users" for ::1 at 2023-03-14 13:30:48 -0700
  
ActionController::RoutingError (No route matches [GET] "/users"):
  
Started GET "/users/new" for ::1 at 2023-03-14 13:30:58 -0700
Processing by UsersController#new as HTML
  Rendering layout layouts/application.html.erb
  Rendering users/new.html.erb within layouts/application
  Rendered users/new.html.erb within layouts/application (Duration: 0.9ms | Allocations: 247)
  Rendered layout layouts/application.html.erb (Duration: 8.3ms | Allocations: 3608)
Completed 200 OK in 32ms (Views: 10.5ms | ActiveRecord: 7.0ms | Allocations: 10040)


Started GET "/users/new" for ::1 at 2023-03-14 13:31:34 -0700
Processing by UsersController#new as HTML
  Rendering layout layouts/application.html.erb
  Rendering users/new.html.erb within layouts/application
  Rendered users/new.html.erb within layouts/application (Duration: 0.9ms | Allocations: 185)
  Rendered layout layouts/application.html.erb (Duration: 6.6ms | Allocations: 1736)
Completed 200 OK in 11ms (Views: 9.9ms | ActiveRecord: 0.0ms | Allocations: 2479)


Started GET "/users/new" for ::1 at 2023-03-14 13:32:10 -0700
Processing by UsersController#new as HTML
  Rendering layout layouts/application.html.erb
  Rendering users/new.html.erb within layouts/application
  Rendered users/new.html.erb within layouts/application (Duration: 0.8ms | Allocations: 185)
  Rendered layout layouts/application.html.erb (Duration: 6.4ms | Allocations: 1735)
Completed 200 OK in 10ms (Views: 9.2ms | ActiveRecord: 0.0ms | Allocations: 2468)


Started GET "/users/new" for ::1 at 2023-03-14 13:32:12 -0700
Processing by UsersController#new as HTML
  Rendering layout layouts/application.html.erb
  Rendering users/new.html.erb within layouts/application
  Rendered users/new.html.erb within layouts/application (Duration: 0.4ms | Allocations: 39)
  Rendered layout layouts/application.html.erb (Duration: 4.0ms | Allocations: 1190)
Completed 200 OK in 5ms (Views: 4.8ms | ActiveRecord: 0.0ms | Allocations: 1445)


Started GET "/users/new" for ::1 at 2023-03-14 13:32:12 -0700
Processing by UsersController#new as HTML
  Rendering layout layouts/application.html.erb
  Rendering users/new.html.erb within layouts/application
  Rendered users/new.html.erb within layouts/application (Duration: 0.3ms | Allocations: 39)
  Rendered layout layouts/application.html.erb (Duration: 4.8ms | Allocations: 1201)
Completed 200 OK in 6ms (Views: 5.9ms | ActiveRecord: 0.0ms | Allocations: 1420)


Started POST "/users%20%3E" for ::1 at 2023-03-14 13:32:38 -0700
  
ActionController::RoutingError (No route matches [POST] "/users%20%3E"):
  
Started POST "/users%20%3E" for ::1 at 2023-03-14 13:33:28 -0700
  
ActionController::RoutingError (No route matches [POST] "/users%20%3E"):
  
Started POST "/users%20%3E" for ::1 at 2023-03-14 13:33:31 -0700
  
ActionController::RoutingError (No route matches [POST] "/users%20%3E"):
  
Started GET "/users/new" for ::1 at 2023-03-14 13:34:48 -0700
Processing by UsersController#new as HTML
  Rendering layout layouts/application.html.erb
  Rendering users/new.html.erb within layouts/application
  Rendered users/new.html.erb within layouts/application (Duration: 1.2ms | Allocations: 184)
  Rendered layout layouts/application.html.erb (Duration: 7.0ms | Allocations: 1719)
Completed 200 OK in 12ms (Views: 10.9ms | ActiveRecord: 0.0ms | Allocations: 2426)


Started POST "/users%20%3E" for ::1 at 2023-03-14 13:34:55 -0700
  
ActionController::RoutingError (No route matches [POST] "/users%20%3E"):
  
Started GET "/users" for ::1 at 2023-03-14 13:41:50 -0700
  [1m[36mActiveRecord::SchemaMigration Pluck (0.8ms)[0m  [1m[34mSELECT "schema_migrations"."version" FROM "schema_migrations" ORDER BY "schema_migrations"."version" ASC[0m
  
ActionController::RoutingError (No route matches [GET] "/users"):
  
Started GET "/users/new" for ::1 at 2023-03-14 13:41:54 -0700
Processing by UsersController#new as HTML
  Rendering layout layouts/application.html.erb
  Rendering users/new.html.erb within layouts/application
  Rendered users/new.html.erb within layouts/application (Duration: 0.9ms | Allocations: 245)
  Rendered layout layouts/application.html.erb (Duration: 7.1ms | Allocations: 3603)
Completed 200 OK in 31ms (Views: 9.4ms | ActiveRecord: 7.6ms | Allocations: 10060)


Started POST "/users%20%3E" for ::1 at 2023-03-14 13:42:02 -0700
  
ActionController::RoutingError (No route matches [POST] "/users%20%3E"):
  
Started POST "/users%20%3E" for ::1 at 2023-03-14 13:42:40 -0700
  
ActionController::RoutingError (No route matches [POST] "/users%20%3E"):
  
Started GET "/sessions/new" for ::1 at 2023-03-14 13:42:46 -0700
  
ActionController::RoutingError (No route matches [GET] "/sessions/new"):
  
Started GET "/session/new" for ::1 at 2023-03-14 13:42:52 -0700
Processing by SessionsController#new as HTML
  Rendering layout layouts/application.html.erb
  Rendering sessions/new.html.erb within layouts/application
  Rendered sessions/new.html.erb within layouts/application (Duration: 0.4ms | Allocations: 95)
  Rendered layout layouts/application.html.erb (Duration: 3.9ms | Allocations: 1520)
Completed 200 OK in 16ms (Views: 6.0ms | ActiveRecord: 3.5ms | Allocations: 4887)


Started GET "/session/new" for ::1 at 2023-03-14 13:42:59 -0700
Processing by SessionsController#new as HTML
  Rendering layout layouts/application.html.erb
  Rendering sessions/new.html.erb within layouts/application
  Rendered sessions/new.html.erb within layouts/application (Duration: 0.1ms | Allocations: 7)
  Rendered layout layouts/application.html.erb (Duration: 4.3ms | Allocations: 1154)
Completed 200 OK in 6ms (Views: 5.5ms | ActiveRecord: 0.0ms | Allocations: 1405)


Started GET "/users/new" for ::1 at 2023-03-14 13:43:04 -0700
Processing by UsersController#new as HTML
  Rendering layout layouts/application.html.erb
  Rendering users/new.html.erb within layouts/application
  Rendered users/new.html.erb within layouts/application (Duration: 0.3ms | Allocations: 75)
  Rendered layout layouts/application.html.erb (Duration: 4.5ms | Allocations: 1492)
Completed 200 OK in 7ms (Views: 6.1ms | ActiveRecord: 0.0ms | Allocations: 2048)


Started POST "/users%20%3E" for ::1 at 2023-03-14 13:43:07 -0700
  
ActionController::RoutingError (No route matches [POST] "/users%20%3E"):
  
Started GET "/users/new" for ::1 at 2023-03-14 13:46:18 -0700
Processing by UsersController#new as HTML
  Rendering layout layouts/application.html.erb
  Rendering users/new.html.erb within layouts/application
  Rendered users/new.html.erb within layouts/application (Duration: 1.7ms | Allocations: 184)
  Rendered layout layouts/application.html.erb (Duration: 13.9ms | Allocations: 1731)
Completed 200 OK in 21ms (Views: 19.1ms | ActiveRecord: 0.0ms | Allocations: 2463)


Started POST "/users%20%3E" for ::1 at 2023-03-14 13:46:21 -0700
  
ActionController::RoutingError (No route matches [POST] "/users%20%3E"):
  
Started POST "/users%20%3E" for ::1 at 2023-03-14 13:46:54 -0700
  
ActionController::RoutingError (No route matches [POST] "/users%20%3E"):
  
Started GET "/users/new" for ::1 at 2023-03-14 13:47:09 -0700
  [1m[36mActiveRecord::SchemaMigration Pluck (0.9ms)[0m  [1m[34mSELECT "schema_migrations"."version" FROM "schema_migrations" ORDER BY "schema_migrations"."version" ASC[0m
Processing by UsersController#new as HTML
  Rendering layout layouts/application.html.erb
  Rendering users/new.html.erb within layouts/application
  Rendered users/new.html.erb within layouts/application (Duration: 0.5ms | Allocations: 481)
  Rendered layout layouts/application.html.erb (Duration: 4.2ms | Allocations: 4027)
Completed 200 OK in 16ms (Views: 6.7ms | ActiveRecord: 5.5ms | Allocations: 11871)


Started GET "/users%20%3E?user%5Bemail%5D=dd&user%5Bpassword%5D=[FILTERED]" for ::1 at 2023-03-14 13:47:13 -0700
  
ActionController::RoutingError (No route matches [GET] "/users%20%3E"):
  
Started GET "/users%20%3E?user%5Bemail%5D=dd&user%5Bpassword%5D=[FILTERED]" for ::1 at 2023-03-14 13:55:44 -0700
  [1m[36mActiveRecord::SchemaMigration Pluck (0.5ms)[0m  [1m[34mSELECT "schema_migrations"."version" FROM "schema_migrations" ORDER BY "schema_migrations"."version" ASC[0m
  
ActionController::RoutingError (No route matches [GET] "/users%20%3E"):
  
Started GET "/users/new" for ::1 at 2023-03-14 13:55:47 -0700
Processing by UsersController#new as HTML
  Rendering layout layouts/application.html.erb
  Rendering users/new.html.erb within layouts/application
  Rendered users/new.html.erb within layouts/application (Duration: 1.3ms | Allocations: 245)
  Rendered layout layouts/application.html.erb (Duration: 6.6ms | Allocations: 3608)
Completed 200 OK in 25ms (Views: 8.4ms | ActiveRecord: 4.5ms | Allocations: 10065)


Started GET "/users%20%3E?user%5Bemail%5D=hi&user%5Bpassword%5D=[FILTERED]" for ::1 at 2023-03-14 13:55:51 -0700
  
ActionController::RoutingError (No route matches [GET] "/users%20%3E"):
  
Started GET "/users%20%3E?user%5Bemail%5D=hi&user%5Bpassword%5D=[FILTERED]" for ::1 at 2023-03-14 13:56:08 -0700
  
ActionController::RoutingError (No route matches [GET] "/users%20%3E"):
  
Started GET "/users%20%3E?user%5Bemail%5D=hi&user%5Bpassword%5D=[FILTERED]" for ::1 at 2023-03-14 13:56:10 -0700
  
ActionController::RoutingError (No route matches [GET] "/users%20%3E"):
  
Started GET "/users%20%3E?user%5Bemail%5D=hi&user%5Bpassword%5D=[FILTERED]" for ::1 at 2023-03-14 13:56:21 -0700
  [1m[36mActiveRecord::SchemaMigration Pluck (0.8ms)[0m  [1m[34mSELECT "schema_migrations"."version" FROM "schema_migrations" ORDER BY "schema_migrations"."version" ASC[0m
  
ActionController::RoutingError (No route matches [GET] "/users%20%3E"):
  
Started GET "/users%20%3E?user%5Bemail%5D=hilo&user%5Bpassword%5D=[FILTERED]" for ::1 at 2023-03-14 13:57:27 -0700
  [1m[36mActiveRecord::SchemaMigration Pluck (0.8ms)[0m  [1m[34mSELECT "schema_migrations"."version" FROM "schema_migrations" ORDER BY "schema_migrations"."version" ASC[0m
  
ActionController::RoutingError (No route matches [GET] "/users%20%3E"):
  
Started GET "/users%20%3E?user%5Bemail%5D=hilo&user%5Bpassword%5D=[FILTERED]" for ::1 at 2023-03-14 13:58:00 -0700
  
ActionController::RoutingError (No route matches [GET] "/users%20%3E"):
  
Started GET "/users%20%3E?user%5Bemail%5D=hilo&user%5Bpassword%5D=[FILTERED]" for ::1 at 2023-03-14 13:58:01 -0700
  
ActionController::RoutingError (No route matches [GET] "/users%20%3E"):
  
Started GET "/users%20%3E?user%5Bemail%5D=hilo&user%5Bpassword%5D=[FILTERED]" for ::1 at 2023-03-14 13:58:03 -0700
  
ActionController::RoutingError (No route matches [GET] "/users%20%3E"):
  
Started GET "/users/new" for ::1 at 2023-03-14 13:58:06 -0700
Processing by UsersController#new as HTML
  Rendering layout layouts/application.html.erb
  Rendering users/new.html.erb within layouts/application
  Rendered users/new.html.erb within layouts/application (Duration: 4.3ms | Allocations: 2652)
  Rendered layout layouts/application.html.erb (Duration: 4.5ms | Allocations: 2750)
Completed 500 Internal Server Error in 28ms (ActiveRecord: 6.7ms | Allocations: 9142)



ActionController::UrlGenerationError - No route matches {:action=>"show", :controller=>"users"}, missing required keys: [:id]:
  app/views/users/new.html.erb:3
  app/controllers/users_controller.rb:4:in `new'

Started POST "/__better_errors/825fb2304ed7d3fb/variables" for ::1 at 2023-03-14 13:58:06 -0700
Started GET "/users/new" for ::1 at 2023-03-14 14:00:05 -0700
  [1m[36mActiveRecord::SchemaMigration Pluck (0.8ms)[0m  [1m[34mSELECT "schema_migrations"."version" FROM "schema_migrations" ORDER BY "schema_migrations"."version" ASC[0m
Processing by UsersController#new as HTML
  Rendering layout layouts/application.html.erb
  Rendering users/new.html.erb within layouts/application
  Rendered users/new.html.erb within layouts/application (Duration: 0.5ms | Allocations: 481)
  Rendered layout layouts/application.html.erb (Duration: 4.3ms | Allocations: 4027)
Completed 200 OK in 15ms (Views: 6.8ms | ActiveRecord: 5.3ms | Allocations: 11865)


Started POST "/users%20%3E" for ::1 at 2023-03-14 14:00:10 -0700
  
ActionController::RoutingError (No route matches [POST] "/users%20%3E"):
  
Started POST "/users%20%3E" for ::1 at 2023-03-14 14:00:34 -0700
  
ActionController::RoutingError (No route matches [POST] "/users%20%3E"):
  
Started GET "/users/new" for ::1 at 2023-03-14 14:00:37 -0700
Processing by UsersController#new as HTML
  Rendering layout layouts/application.html.erb
  Rendering users/new.html.erb within layouts/application
  Rendered users/new.html.erb within layouts/application (Duration: 0.3ms | Allocations: 75)
  Rendered layout layouts/application.html.erb (Duration: 4.5ms | Allocations: 1509)
Completed 200 OK in 22ms (Views: 7.2ms | ActiveRecord: 5.7ms | Allocations: 4801)


Started POST "/users%20%3E" for ::1 at 2023-03-14 14:00:42 -0700
  
ActionController::RoutingError (No route matches [POST] "/users%20%3E"):
  
Started GET "/users/new" for ::1 at 2023-03-14 14:00:56 -0700
Processing by UsersController#new as HTML
  Rendering layout layouts/application.html.erb
  Rendering users/new.html.erb within layouts/application
  Rendered users/new.html.erb within layouts/application (Duration: 0.5ms | Allocations: 39)
  Rendered layout layouts/application.html.erb (Duration: 7.1ms | Allocations: 1189)
Completed 200 OK in 9ms (Views: 8.5ms | ActiveRecord: 0.0ms | Allocations: 1440)


Started GET "/users/1" for ::1 at 2023-03-14 14:00:57 -0700
Processing by UsersController#show as HTML
  Parameters: {"id"=>"1"}
  [1m[36mUser Load (2.2ms)[0m  [1m[34mSELECT "users".* FROM "users" WHERE "users"."id" = $1 LIMIT $2[0m  [["id", 1], ["LIMIT", 1]]
  ↳ app/controllers/users_controller.rb:19:in `show'
Completed 404 Not Found in 13ms (ActiveRecord: 2.5ms | Allocations: 4173)



ActiveRecord::RecordNotFound - Couldn't find User with 'id'=1:
  app/controllers/users_controller.rb:19:in `show'

Started POST "/__better_errors/bf12010f47e7a451/variables" for ::1 at 2023-03-14 14:00:57 -0700
Started GET "/users/new" for ::1 at 2023-03-14 14:08:16 -0700
  [1m[36mActiveRecord::SchemaMigration Pluck (1.5ms)[0m  [1m[34mSELECT "schema_migrations"."version" FROM "schema_migrations" ORDER BY "schema_migrations"."version" ASC[0m
Processing by UsersController#new as HTML
  Rendering layout layouts/application.html.erb
  Rendering users/new.html.erb within layouts/application
  Rendered users/new.html.erb within layouts/application (Duration: 0.6ms | Allocations: 481)
  Rendered layout layouts/application.html.erb (Duration: 4.8ms | Allocations: 4039)
Completed 200 OK in 17ms (Views: 7.4ms | ActiveRecord: 6.7ms | Allocations: 11876)


Started POST "/users%20%3E" for ::1 at 2023-03-14 14:08:21 -0700
  
ActionController::RoutingError (No route matches [POST] "/users%20%3E"):
  
  [1m[36mTRANSACTION (4.1ms)[0m  [1m[35mBEGIN[0m
  [1m[36mUser Exists? (1.7ms)[0m  [1m[34mSELECT 1 AS one FROM "users" WHERE "users"."session_token" = $1 LIMIT $2[0m  [["session_token", "[FILTERED]"], ["LIMIT", 1]]
  [1m[36mTRANSACTION (0.7ms)[0m  [1m[31mROLLBACK[0m
  [1m[36mTRANSACTION (0.3ms)[0m  [1m[35mBEGIN[0m
  [1m[36mUser Exists? (1.0ms)[0m  [1m[34mSELECT 1 AS one FROM "users" WHERE "users"."session_token" = $1 LIMIT $2[0m  [["session_token", "[FILTERED]"], ["LIMIT", 1]]
  [1m[36mTRANSACTION (0.2ms)[0m  [1m[31mROLLBACK[0m
  [1m[36mTRANSACTION (0.2ms)[0m  [1m[35mBEGIN[0m
  [1m[36mUser Exists? (0.6ms)[0m  [1m[34mSELECT 1 AS one FROM "users" WHERE "users"."session_token" = $1 LIMIT $2[0m  [["session_token", "[FILTERED]"], ["LIMIT", 1]]
  [1m[36mUser Exists? (0.2ms)[0m  [1m[34mSELECT 1 AS one FROM "users" WHERE "users"."email" = $1 LIMIT $2[0m  [["email", "hi"], ["LIMIT", 1]]
  [1m[36mUser Exists? (0.1ms)[0m  [1m[34mSELECT 1 AS one FROM "users" WHERE "users"."session_token" = $1 LIMIT $2[0m  [["session_token", "[FILTERED]"], ["LIMIT", 1]]
  [1m[36mUser Create (6.6ms)[0m  [1m[32mINSERT INTO "users" ("email", "password_digest", "session_token", "created_at", "updated_at") VALUES ($1, $2, $3, $4, $5) RETURNING "id"[0m  [["email", "hi"], ["password_digest", "[FILTERED]"], ["session_token", "[FILTERED]"], ["created_at", "2023-03-14 21:15:33.757874"], ["updated_at", "2023-03-14 21:15:33.757874"]]
  [1m[36mTRANSACTION (1.2ms)[0m  [1m[35mCOMMIT[0m
Started GET "/users/new" for ::1 at 2023-03-14 14:16:33 -0700
  [1m[36mActiveRecord::SchemaMigration Pluck (0.8ms)[0m  [1m[34mSELECT "schema_migrations"."version" FROM "schema_migrations" ORDER BY "schema_migrations"."version" ASC[0m
Processing by UsersController#new as HTML
  Rendering layout layouts/application.html.erb
  Rendering users/new.html.erb within layouts/application
  Rendered users/new.html.erb within layouts/application (Duration: 0.6ms | Allocations: 481)
  Rendered layout layouts/application.html.erb (Duration: 4.6ms | Allocations: 4057)
Completed 200 OK in 16ms (Views: 7.0ms | ActiveRecord: 5.6ms | Allocations: 11894)


Started POST "/users%20%3E" for ::1 at 2023-03-14 14:16:36 -0700
  
ActionController::RoutingError (No route matches [POST] "/users%20%3E"):
  
Started GET "/users/new" for ::1 at 2023-03-14 14:18:06 -0700
  [1m[36mActiveRecord::SchemaMigration Pluck (0.8ms)[0m  [1m[34mSELECT "schema_migrations"."version" FROM "schema_migrations" ORDER BY "schema_migrations"."version" ASC[0m
Processing by UsersController#new as HTML
  Rendering layout layouts/application.html.erb
  Rendering users/new.html.erb within layouts/application
  Rendered users/new.html.erb within layouts/application (Duration: 0.6ms | Allocations: 481)
  Rendered layout layouts/application.html.erb (Duration: 4.0ms | Allocations: 4054)
Completed 200 OK in 15ms (Views: 6.5ms | ActiveRecord: 5.7ms | Allocations: 11891)


Started POST "/users%20%3E" for ::1 at 2023-03-14 14:18:12 -0700
  
ActionController::RoutingError (No route matches [POST] "/users%20%3E"):
  
Started GET "/users/new" for ::1 at 2023-03-14 14:24:35 -0700
  [1m[36mActiveRecord::SchemaMigration Pluck (0.8ms)[0m  [1m[34mSELECT "schema_migrations"."version" FROM "schema_migrations" ORDER BY "schema_migrations"."version" ASC[0m
Processing by UsersController#new as HTML
  Rendering layout layouts/application.html.erb
  Rendering users/new.html.erb within layouts/application
  Rendered users/new.html.erb within layouts/application (Duration: 0.6ms | Allocations: 481)
  Rendered layout layouts/application.html.erb (Duration: 5.2ms | Allocations: 4039)
Completed 200 OK in 16ms (Views: 7.7ms | ActiveRecord: 5.0ms | Allocations: 11878)


Started POST "/users%20%3E" for ::1 at 2023-03-14 14:24:39 -0700
  
ActionController::RoutingError (No route matches [POST] "/users%20%3E"):
  
Started GET "/users/new" for ::1 at 2023-03-14 14:29:17 -0700
  [1m[36mActiveRecord::SchemaMigration Pluck (1.3ms)[0m  [1m[34mSELECT "schema_migrations"."version" FROM "schema_migrations" ORDER BY "schema_migrations"."version" ASC[0m
Processing by UsersController#new as HTML
  Rendering layout layouts/application.html.erb
  Rendering users/new.html.erb within layouts/application
  Rendered users/new.html.erb within layouts/application (Duration: 0.6ms | Allocations: 481)
  Rendered layout layouts/application.html.erb (Duration: 4.1ms | Allocations: 4051)
Completed 200 OK in 15ms (Views: 6.6ms | ActiveRecord: 5.7ms | Allocations: 11889)


Started POST "/users%20%3E" for ::1 at 2023-03-14 14:29:19 -0700
  
ActionController::RoutingError (No route matches [POST] "/users%20%3E"):
  
Started POST "/users%20%3E" for ::1 at 2023-03-14 14:30:58 -0700
  
ActionController::RoutingError (No route matches [POST] "/users%20%3E"):
  
Started GET "/users/new" for ::1 at 2023-03-14 14:32:33 -0700
Processing by UsersController#new as HTML
  Rendering layout layouts/application.html.erb
  Rendering users/new.html.erb within layouts/application
  Rendered users/new.html.erb within layouts/application (Duration: 0.5ms | Allocations: 51)
  Rendered layout layouts/application.html.erb (Duration: 12.1ms | Allocations: 1325)
Completed 200 OK in 16ms (Views: 13.7ms | ActiveRecord: 0.0ms | Allocations: 1589)


Started POST "/users%20%3E" for ::1 at 2023-03-14 14:32:38 -0700
  
ActionController::RoutingError (No route matches [POST] "/users%20%3E"):
  
Started POST "/users%20%3E" for ::1 at 2023-03-14 14:33:30 -0700
  
ActionController::RoutingError (No route matches [POST] "/users%20%3E"):
  
Started POST "/users%20%3E" for ::1 at 2023-03-14 14:33:33 -0700
  
ActionController::RoutingError (No route matches [POST] "/users%20%3E"):
  
Started GET "/users/new" for ::1 at 2023-03-14 14:33:39 -0700
Processing by UsersController#new as HTML
  Rendering layout layouts/application.html.erb
  Rendering users/new.html.erb within layouts/application
  Rendered users/new.html.erb within layouts/application (Duration: 1.2ms | Allocations: 185)
  Rendered layout layouts/application.html.erb (Duration: 6.7ms | Allocations: 1745)
Completed 200 OK in 10ms (Views: 9.5ms | ActiveRecord: 0.0ms | Allocations: 2419)


Started POST "/users" for ::1 at 2023-03-14 14:33:42 -0700
Processing by UsersController#create as HTML
  Parameters: {"user"=>{"email"=>"hh", "password"=>"[FILTERED]"}}
Can't verify CSRF token authenticity.
Completed 422 Unprocessable Entity in 2ms (ActiveRecord: 0.0ms | Allocations: 753)



ActionController::InvalidAuthenticityToken - Can't verify CSRF token authenticity.:

Started POST "/__better_errors/5a52a804aa836c6f/variables" for ::1 at 2023-03-14 14:33:42 -0700
Started POST "/__better_errors/5a52a804aa836c6f/variables" for ::1 at 2023-03-14 14:34:04 -0700
Started POST "/__better_errors/5a52a804aa836c6f/variables" for ::1 at 2023-03-14 14:38:46 -0700
Started POST "/__better_errors/5a52a804aa836c6f/variables" for ::1 at 2023-03-14 14:38:48 -0700
Started GET "/users/new" for ::1 at 2023-03-14 14:43:05 -0700
Processing by UsersController#new as HTML
  Rendering layout layouts/application.html.erb
  Rendering users/new.html.erb within layouts/application
  Rendered users/new.html.erb within layouts/application (Duration: 0.1ms | Allocations: 75)
  Rendered layout layouts/application.html.erb (Duration: 1.5ms | Allocations: 1505)
Completed 200 OK in 21ms (Views: 2.1ms | ActiveRecord: 4.8ms | Allocations: 7436)


Started POST "/users" for ::1 at 2023-03-14 14:43:08 -0700
Processing by UsersController#create as HTML
  Parameters: {"user"=>{"email"=>"da", "password"=>"[FILTERED]"}}
Can't verify CSRF token authenticity.
  [1m[36mTRANSACTION (0.1ms)[0m  [1m[35mBEGIN[0m
  ↳ app/models/user.rb:47:in `block in generate_unique_session_token'
  [1m[36mUser Exists? (8.3ms)[0m  [1m[34mSELECT 1 AS one FROM "users" WHERE "users"."session_token" = $1 LIMIT $2[0m  [["session_token", "[FILTERED]"], ["LIMIT", 1]]
  ↳ app/models/user.rb:47:in `block in generate_unique_session_token'
  [1m[36mUser Exists? (0.3ms)[0m  [1m[34mSELECT 1 AS one FROM "users" WHERE "users"."email" = $1 LIMIT $2[0m  [["email", "da"], ["LIMIT", 1]]
  ↳ app/controllers/users_controller.rb:10:in `create'
  [1m[36mCACHE User Exists? (0.0ms)[0m  [1m[34mSELECT 1 AS one FROM "users" WHERE "users"."session_token" = $1 LIMIT $2[0m  [["session_token", "[FILTERED]"], ["LIMIT", 1]]
  ↳ app/controllers/users_controller.rb:10:in `create'
  [1m[36mUser Create (1.0ms)[0m  [1m[32mINSERT INTO "users" ("email", "password_digest", "session_token", "created_at", "updated_at") VALUES ($1, $2, $3, $4, $5) RETURNING "id"[0m  [["email", "da"], ["password_digest", "[FILTERED]"], ["session_token", "[FILTERED]"], ["created_at", "2023-03-14 21:43:08.559070"], ["updated_at", "2023-03-14 21:43:08.559070"]]
  ↳ app/controllers/users_controller.rb:10:in `create'
  [1m[36mTRANSACTION (1.8ms)[0m  [1m[35mCOMMIT[0m
  ↳ app/controllers/users_controller.rb:10:in `create'
  Rendering layout layouts/application.html.erb
  Rendering users/show.html.erb within layouts/application
  Rendered users/show.html.erb within layouts/application (Duration: 0.3ms | Allocations: 105)
  Rendered layout layouts/application.html.erb (Duration: 1.1ms | Allocations: 1089)
Completed 200 OK in 278ms (Views: 1.5ms | ActiveRecord: 11.4ms | Allocations: 9631)


Started GET "/users/new" for ::1 at 2023-03-14 14:44:59 -0700
Processing by UsersController#new as HTML
  Rendering layout layouts/application.html.erb
  Rendering users/new.html.erb within layouts/application
  Rendered users/new.html.erb within layouts/application (Duration: 0.6ms | Allocations: 191)
  Rendered layout layouts/application.html.erb (Duration: 2.8ms | Allocations: 1749)
Completed 200 OK in 19ms (Views: 3.6ms | ActiveRecord: 12.2ms | Allocations: 5290)


Started POST "/users" for ::1 at 2023-03-14 14:45:03 -0700
Processing by UsersController#create as HTML
  Parameters: {"user"=>{"email"=>"deric", "password"=>"[FILTERED]"}}
Can't verify CSRF token authenticity.
  [1m[36mTRANSACTION (0.2ms)[0m  [1m[35mBEGIN[0m
  ↳ app/models/user.rb:47:in `block in generate_unique_session_token'
  [1m[36mUser Exists? (0.5ms)[0m  [1m[34mSELECT 1 AS one FROM "users" WHERE "users"."session_token" = $1 LIMIT $2[0m  [["session_token", "[FILTERED]"], ["LIMIT", 1]]
  ↳ app/models/user.rb:47:in `block in generate_unique_session_token'
  [1m[36mUser Exists? (0.3ms)[0m  [1m[34mSELECT 1 AS one FROM "users" WHERE "users"."email" = $1 LIMIT $2[0m  [["email", "deric"], ["LIMIT", 1]]
  ↳ app/controllers/users_controller.rb:10:in `create'
  [1m[36mCACHE User Exists? (0.0ms)[0m  [1m[34mSELECT 1 AS one FROM "users" WHERE "users"."session_token" = $1 LIMIT $2[0m  [["session_token", "[FILTERED]"], ["LIMIT", 1]]
  ↳ app/controllers/users_controller.rb:10:in `create'
  [1m[36mUser Create (0.4ms)[0m  [1m[32mINSERT INTO "users" ("email", "password_digest", "session_token", "created_at", "updated_at") VALUES ($1, $2, $3, $4, $5) RETURNING "id"[0m  [["email", "deric"], ["password_digest", "[FILTERED]"], ["session_token", "[FILTERED]"], ["created_at", "2023-03-14 21:45:03.488297"], ["updated_at", "2023-03-14 21:45:03.488297"]]
  ↳ app/controllers/users_controller.rb:10:in `create'
  [1m[36mTRANSACTION (1.8ms)[0m  [1m[35mCOMMIT[0m
  ↳ app/controllers/users_controller.rb:10:in `create'
  [1m[36mUser Exists? (0.2ms)[0m  [1m[34mSELECT 1 AS one FROM "users" WHERE "users"."session_token" = $1 LIMIT $2[0m  [["session_token", "[FILTERED]"], ["LIMIT", 1]]
  ↳ app/models/user.rb:47:in `block in generate_unique_session_token'
  [1m[36mTRANSACTION (0.1ms)[0m  [1m[35mBEGIN[0m
  ↳ app/models/user.rb:34:in `reset_session_token!'
  [1m[36mUser Exists? (0.3ms)[0m  [1m[34mSELECT 1 AS one FROM "users" WHERE "users"."email" = $1 AND "users"."id" != $2 LIMIT $3[0m  [["email", "deric"], ["id", 3], ["LIMIT", 1]]
  ↳ app/models/user.rb:34:in `reset_session_token!'
  [1m[36mUser Exists? (0.1ms)[0m  [1m[34mSELECT 1 AS one FROM "users" WHERE "users"."session_token" = $1 AND "users"."id" != $2 LIMIT $3[0m  [["session_token", "[FILTERED]"], ["id", 3], ["LIMIT", 1]]
  ↳ app/models/user.rb:34:in `reset_session_token!'
  [1m[36mUser Update (2.7ms)[0m  [1m[33mUPDATE "users" SET "session_token" = $1, "updated_at" = $2 WHERE "users"."id" = $3[0m  [["session_token", "[FILTERED]"], ["updated_at", "2023-03-14 21:45:03.494333"], ["id", 3]]
  ↳ app/models/user.rb:34:in `reset_session_token!'
  [1m[36mTRANSACTION (0.1ms)[0m  [1m[35mCOMMIT[0m
  ↳ app/models/user.rb:34:in `reset_session_token!'
  Rendering layout layouts/application.html.erb
  Rendering users/show.html.erb within layouts/application
  Rendered users/show.html.erb within layouts/application (Duration: 0.3ms | Allocations: 100)
  Rendered layout layouts/application.html.erb (Duration: 1.1ms | Allocations: 965)
Completed 200 OK in 277ms (Views: 1.4ms | ActiveRecord: 6.7ms | Allocations: 9729)


Started GET "/session/new" for ::1 at 2023-03-14 14:54:47 -0700
  [1m[36mActiveRecord::SchemaMigration Pluck (0.8ms)[0m  [1m[34mSELECT "schema_migrations"."version" FROM "schema_migrations" ORDER BY "schema_migrations"."version" ASC[0m
Processing by SessionsController#new as HTML
  Rendering layout layouts/application.html.erb
  Rendering sessions/new.html.erb within layouts/application
  Rendered sessions/new.html.erb within layouts/application (Duration: 0.5ms | Allocations: 331)
  Rendered layout layouts/application.html.erb (Duration: 13.1ms | Allocations: 9552)
Completed 500 Internal Server Error in 25ms (ActiveRecord: 5.7ms | Allocations: 17333)



NoMethodError - undefined method `logged_in?' for #<ActionView::Base:0x000000000041c8>
Did you mean?  logger?:
  app/views/layouts/application.html.erb:13
  app/controllers/sessions_controller.rb:4:in `new'

Started POST "/__better_errors/c917b5a30d0c6af8/variables" for ::1 at 2023-03-14 14:54:47 -0700
Started GET "/session/new" for ::1 at 2023-03-14 15:02:20 -0700
  [1m[36mActiveRecord::SchemaMigration Pluck (0.8ms)[0m  [1m[34mSELECT "schema_migrations"."version" FROM "schema_migrations" ORDER BY "schema_migrations"."version" ASC[0m
Processing by SessionsController#new as HTML
  Rendering layout layouts/application.html.erb
  Rendering sessions/new.html.erb within layouts/application
  Rendered sessions/new.html.erb within layouts/application (Duration: 0.5ms | Allocations: 331)
  Rendered layout layouts/application.html.erb (Duration: 12.6ms | Allocations: 9548)
Completed 500 Internal Server Error in 24ms (ActiveRecord: 5.5ms | Allocations: 17329)



NoMethodError - undefined method `logged_in?' for #<ActionView::Base:0x000000000041c8>
Did you mean?  logged_in:
  app/views/layouts/application.html.erb:13
  app/controllers/sessions_controller.rb:4:in `new'

Started POST "/__better_errors/6a26f6183d115980/variables" for ::1 at 2023-03-14 15:02:20 -0700
Started GET "/session/new" for ::1 at 2023-03-14 15:02:32 -0700
Processing by SessionsController#new as HTML
  Rendering layout layouts/application.html.erb
  Rendering sessions/new.html.erb within layouts/application
  Rendered sessions/new.html.erb within layouts/application (Duration: 0.0ms | Allocations: 12)
  [1m[36mUser Load (0.8ms)[0m  [1m[34mSELECT "users".* FROM "users" WHERE "users"."session_token" IS NULL LIMIT $1[0m  [["LIMIT", 1]]
  ↳ app/controllers/application_controller.rb:7:in `current_user'
  Rendered layout layouts/application.html.erb (Duration: 3.9ms | Allocations: 4199)
Completed 200 OK in 12ms (Views: 3.4ms | ActiveRecord: 6.1ms | Allocations: 7541)


Started GET "/session/new" for ::1 at 2023-03-14 15:07:20 -0700
Processing by SessionsController#new as HTML
  Rendering layout layouts/application.html.erb
  Rendering sessions/new.html.erb within layouts/application
  Rendered sessions/new.html.erb within layouts/application (Duration: 0.5ms | Allocations: 107)
  [1m[36mUser Load (0.2ms)[0m  [1m[34mSELECT "users".* FROM "users" WHERE "users"."session_token" IS NULL LIMIT $1[0m  [["LIMIT", 1]]
  ↳ app/controllers/application_controller.rb:7:in `current_user'
  Rendered layout layouts/application.html.erb (Duration: 3.5ms | Allocations: 2798)
Completed 200 OK in 15ms (Views: 4.1ms | ActiveRecord: 7.7ms | Allocations: 6297)


Started GET "/users/new" for ::1 at 2023-03-14 15:07:21 -0700
Processing by UsersController#new as HTML
  Rendering layout layouts/application.html.erb
  Rendering users/new.html.erb within layouts/application
  Rendered users/new.html.erb within layouts/application (Duration: 1.3ms | Allocations: 191)
  [1m[36mUser Load (0.5ms)[0m  [1m[34mSELECT "users".* FROM "users" WHERE "users"."session_token" IS NULL LIMIT $1[0m  [["LIMIT", 1]]
  ↳ app/controllers/application_controller.rb:7:in `current_user'
  Rendered layout layouts/application.html.erb (Duration: 7.0ms | Allocations: 2445)
Completed 200 OK in 13ms (Views: 11.7ms | ActiveRecord: 0.5ms | Allocations: 3073)


Started POST "/users" for ::1 at 2023-03-14 15:07:38 -0700
Processing by UsersController#create as HTML
  Parameters: {"user"=>{"email"=>"dericlee@gmail.com", "password"=>"[FILTERED]"}}
Can't verify CSRF token authenticity.
  [1m[36mTRANSACTION (0.2ms)[0m  [1m[35mBEGIN[0m
  ↳ app/models/user.rb:47:in `block in generate_unique_session_token'
  [1m[36mUser Exists? (0.8ms)[0m  [1m[34mSELECT 1 AS one FROM "users" WHERE "users"."session_token" = $1 LIMIT $2[0m  [["session_token", "[FILTERED]"], ["LIMIT", 1]]
  ↳ app/models/user.rb:47:in `block in generate_unique_session_token'
  [1m[36mUser Exists? (0.2ms)[0m  [1m[34mSELECT 1 AS one FROM "users" WHERE "users"."email" = $1 LIMIT $2[0m  [["email", "dericlee@gmail.com"], ["LIMIT", 1]]
  ↳ app/controllers/users_controller.rb:10:in `create'
  [1m[36mCACHE User Exists? (0.0ms)[0m  [1m[34mSELECT 1 AS one FROM "users" WHERE "users"."session_token" = $1 LIMIT $2[0m  [["session_token", "[FILTERED]"], ["LIMIT", 1]]
  ↳ app/controllers/users_controller.rb:10:in `create'
  [1m[36mUser Create (0.6ms)[0m  [1m[32mINSERT INTO "users" ("email", "password_digest", "session_token", "created_at", "updated_at") VALUES ($1, $2, $3, $4, $5) RETURNING "id"[0m  [["email", "dericlee@gmail.com"], ["password_digest", "[FILTERED]"], ["session_token", "[FILTERED]"], ["created_at", "2023-03-14 22:07:38.569779"], ["updated_at", "2023-03-14 22:07:38.569779"]]
  ↳ app/controllers/users_controller.rb:10:in `create'
  [1m[36mTRANSACTION (2.6ms)[0m  [1m[35mCOMMIT[0m
  ↳ app/controllers/users_controller.rb:10:in `create'
  [1m[36mUser Exists? (0.3ms)[0m  [1m[34mSELECT 1 AS one FROM "users" WHERE "users"."session_token" = $1 LIMIT $2[0m  [["session_token", "[FILTERED]"], ["LIMIT", 1]]
  ↳ app/models/user.rb:47:in `block in generate_unique_session_token'
  [1m[36mTRANSACTION (0.1ms)[0m  [1m[35mBEGIN[0m
  ↳ app/models/user.rb:34:in `reset_session_token!'
  [1m[36mUser Exists? (0.1ms)[0m  [1m[34mSELECT 1 AS one FROM "users" WHERE "users"."email" = $1 AND "users"."id" != $2 LIMIT $3[0m  [["email", "dericlee@gmail.com"], ["id", 4], ["LIMIT", 1]]
  ↳ app/models/user.rb:34:in `reset_session_token!'
  [1m[36mUser Exists? (0.1ms)[0m  [1m[34mSELECT 1 AS one FROM "users" WHERE "users"."session_token" = $1 AND "users"."id" != $2 LIMIT $3[0m  [["session_token", "[FILTERED]"], ["id", 4], ["LIMIT", 1]]
  ↳ app/models/user.rb:34:in `reset_session_token!'
  [1m[36mUser Update (0.3ms)[0m  [1m[33mUPDATE "users" SET "session_token" = $1, "updated_at" = $2 WHERE "users"."id" = $3[0m  [["session_token", "[FILTERED]"], ["updated_at", "2023-03-14 22:07:38.576189"], ["id", 4]]
  ↳ app/models/user.rb:34:in `reset_session_token!'
  [1m[36mTRANSACTION (0.2ms)[0m  [1m[35mCOMMIT[0m
  ↳ app/models/user.rb:34:in `reset_session_token!'
Redirected to http://localhost:3000/session/new
Completed 302 Found in 266ms (ActiveRecord: 5.5ms | Allocations: 10954)


Started GET "/session/new" for ::1 at 2023-03-14 15:07:38 -0700
Processing by SessionsController#new as HTML
  Rendering layout layouts/application.html.erb
  Rendering sessions/new.html.erb within layouts/application
  Rendered sessions/new.html.erb within layouts/application (Duration: 0.0ms | Allocations: 9)
  [1m[36mUser Load (0.2ms)[0m  [1m[34mSELECT "users".* FROM "users" WHERE "users"."session_token" IS NULL LIMIT $1[0m  [["LIMIT", 1]]
  ↳ app/controllers/application_controller.rb:7:in `current_user'
  Rendered layout layouts/application.html.erb (Duration: 1.6ms | Allocations: 2036)
Completed 200 OK in 2ms (Views: 1.6ms | ActiveRecord: 0.2ms | Allocations: 2303)


Started GET "/" for ::1 at 2023-03-14 15:19:59 -0700
  [1m[36mActiveRecord::SchemaMigration Pluck (1.4ms)[0m  [1m[34mSELECT "schema_migrations"."version" FROM "schema_migrations" ORDER BY "schema_migrations"."version" ASC[0m
Processing by Rails::WelcomeController#index as HTML
  Rendering /Users/deric/.rbenv/versions/3.1.1/lib/ruby/gems/3.1.0/gems/railties-7.0.4.3/lib/rails/templates/rails/welcome/index.html.erb
  Rendered /Users/deric/.rbenv/versions/3.1.1/lib/ruby/gems/3.1.0/gems/railties-7.0.4.3/lib/rails/templates/rails/welcome/index.html.erb (Duration: 0.7ms | Allocations: 526)
Completed 200 OK in 3ms (Views: 2.1ms | ActiveRecord: 0.0ms | Allocations: 2810)


Started GET "/users/new" for ::1 at 2023-03-14 15:20:04 -0700
Processing by UsersController#new as HTML
  Rendering layout layouts/application.html.erb
  Rendering users/new.html.erb within layouts/application
  Rendered users/new.html.erb within layouts/application (Duration: 1.0ms | Allocations: 246)
  [1m[36mUser Load (0.4ms)[0m  [1m[34mSELECT "users".* FROM "users" WHERE "users"."session_token" IS NULL LIMIT $1[0m  [["LIMIT", 1]]
  ↳ app/controllers/application_controller.rb:7:in `current_user'
  Rendered layout layouts/application.html.erb (Duration: 14.5ms | Allocations: 6672)
Completed 200 OK in 34ms (Views: 15.3ms | ActiveRecord: 6.2ms | Allocations: 13030)


Started GET "/session/new" for ::1 at 2023-03-14 15:20:10 -0700
Processing by SessionsController#new as HTML
  Rendering layout layouts/application.html.erb
  Rendering sessions/new.html.erb within layouts/application
  Rendered sessions/new.html.erb within layouts/application (Duration: 0.9ms | Allocations: 105)
  [1m[36mUser Load (0.5ms)[0m  [1m[34mSELECT "users".* FROM "users" WHERE "users"."session_token" IS NULL LIMIT $1[0m  [["LIMIT", 1]]
  ↳ app/controllers/application_controller.rb:7:in `current_user'
  Rendered layout layouts/application.html.erb (Duration: 8.3ms | Allocations: 2436)
Completed 200 OK in 11ms (Views: 10.2ms | ActiveRecord: 0.5ms | Allocations: 3074)


Started GET "/session/new" for ::1 at 2023-03-14 15:20:12 -0700
Processing by SessionsController#new as HTML
  Rendering layout layouts/application.html.erb
  Rendering sessions/new.html.erb within layouts/application
  Rendered sessions/new.html.erb within layouts/application (Duration: 0.0ms | Allocations: 7)
  [1m[36mUser Load (0.5ms)[0m  [1m[34mSELECT "users".* FROM "users" WHERE "users"."session_token" IS NULL LIMIT $1[0m  [["LIMIT", 1]]
  ↳ app/controllers/application_controller.rb:7:in `current_user'
  Rendered layout layouts/application.html.erb (Duration: 7.4ms | Allocations: 1866)
Completed 200 OK in 8ms (Views: 7.5ms | ActiveRecord: 0.5ms | Allocations: 2116)


Started GET "/session/new" for ::1 at 2023-03-14 15:20:12 -0700
Processing by SessionsController#new as HTML
  Rendering layout layouts/application.html.erb
  Rendering sessions/new.html.erb within layouts/application
  Rendered sessions/new.html.erb within layouts/application (Duration: 0.1ms | Allocations: 7)
  [1m[36mUser Load (0.5ms)[0m  [1m[34mSELECT "users".* FROM "users" WHERE "users"."session_token" IS NULL LIMIT $1[0m  [["LIMIT", 1]]
  ↳ app/controllers/application_controller.rb:7:in `current_user'
  Rendered layout layouts/application.html.erb (Duration: 7.6ms | Allocations: 1881)
Completed 200 OK in 10ms (Views: 9.0ms | ActiveRecord: 0.5ms | Allocations: 2108)


Started GET "/session/new" for ::1 at 2023-03-14 15:20:12 -0700
Processing by SessionsController#new as HTML
  Rendering layout layouts/application.html.erb
  Rendering sessions/new.html.erb within layouts/application
  Rendered sessions/new.html.erb within layouts/application (Duration: 0.1ms | Allocations: 7)
  [1m[36mUser Load (0.4ms)[0m  [1m[34mSELECT "users".* FROM "users" WHERE "users"."session_token" IS NULL LIMIT $1[0m  [["LIMIT", 1]]
  ↳ app/controllers/application_controller.rb:7:in `current_user'
  Rendered layout layouts/application.html.erb (Duration: 7.1ms | Allocations: 1866)
Completed 200 OK in 8ms (Views: 7.5ms | ActiveRecord: 0.4ms | Allocations: 2085)


Started GET "/session/new" for ::1 at 2023-03-14 15:20:13 -0700
Processing by SessionsController#new as HTML
  Rendering layout layouts/application.html.erb
  Rendering sessions/new.html.erb within layouts/application
  Rendered sessions/new.html.erb within layouts/application (Duration: 0.0ms | Allocations: 7)
  [1m[36mUser Load (0.3ms)[0m  [1m[34mSELECT "users".* FROM "users" WHERE "users"."session_token" IS NULL LIMIT $1[0m  [["LIMIT", 1]]
  ↳ app/controllers/application_controller.rb:7:in `current_user'
  Rendered layout layouts/application.html.erb (Duration: 4.9ms | Allocations: 1872)
Completed 200 OK in 7ms (Views: 5.8ms | ActiveRecord: 0.3ms | Allocations: 2091)


Started GET "/session/new" for ::1 at 2023-03-14 15:20:13 -0700
Processing by SessionsController#new as HTML
  Rendering layout layouts/application.html.erb
  Rendering sessions/new.html.erb within layouts/application
  Rendered sessions/new.html.erb within layouts/application (Duration: 0.0ms | Allocations: 7)
  [1m[36mUser Load (0.2ms)[0m  [1m[34mSELECT "users".* FROM "users" WHERE "users"."session_token" IS NULL LIMIT $1[0m  [["LIMIT", 1]]
  ↳ app/controllers/application_controller.rb:7:in `current_user'
  Rendered layout layouts/application.html.erb (Duration: 6.0ms | Allocations: 1869)
Completed 200 OK in 7ms (Views: 6.6ms | ActiveRecord: 0.2ms | Allocations: 2089)


Started GET "/session/new" for ::1 at 2023-03-14 15:20:13 -0700
Processing by SessionsController#new as HTML
  Rendering layout layouts/application.html.erb
  Rendering sessions/new.html.erb within layouts/application
  Rendered sessions/new.html.erb within layouts/application (Duration: 0.1ms | Allocations: 7)
  [1m[36mUser Load (0.3ms)[0m  [1m[34mSELECT "users".* FROM "users" WHERE "users"."session_token" IS NULL LIMIT $1[0m  [["LIMIT", 1]]
  ↳ app/controllers/application_controller.rb:7:in `current_user'
  Rendered layout layouts/application.html.erb (Duration: 7.8ms | Allocations: 1869)
Completed 200 OK in 9ms (Views: 8.3ms | ActiveRecord: 0.3ms | Allocations: 2088)


Started GET "/users/new" for ::1 at 2023-03-14 15:20:31 -0700
Processing by UsersController#new as HTML
  Rendering layout layouts/application.html.erb
  Rendering users/new.html.erb within layouts/application
  Rendered users/new.html.erb within layouts/application (Duration: 0.2ms | Allocations: 39)
  [1m[36mUser Load (0.3ms)[0m  [1m[34mSELECT "users".* FROM "users" WHERE "users"."session_token" IS NULL LIMIT $1[0m  [["LIMIT", 1]]
  ↳ app/controllers/application_controller.rb:7:in `current_user'
  Rendered layout layouts/application.html.erb (Duration: 31.3ms | Allocations: 1905)
Completed 200 OK in 42ms (Views: 31.7ms | ActiveRecord: 0.3ms | Allocations: 2126)


Started POST "/users" for ::1 at 2023-03-14 15:20:45 -0700
Processing by UsersController#create as HTML
  Parameters: {"user"=>{"email"=>"me@email.com", "password"=>"[FILTERED]"}}
Can't verify CSRF token authenticity.
  [1m[36mTRANSACTION (0.2ms)[0m  [1m[35mBEGIN[0m
  ↳ app/models/user.rb:47:in `block in generate_unique_session_token'
  [1m[36mUser Exists? (0.7ms)[0m  [1m[34mSELECT 1 AS one FROM "users" WHERE "users"."session_token" = $1 LIMIT $2[0m  [["session_token", "[FILTERED]"], ["LIMIT", 1]]
  ↳ app/models/user.rb:47:in `block in generate_unique_session_token'
  [1m[36mUser Exists? (0.1ms)[0m  [1m[34mSELECT 1 AS one FROM "users" WHERE "users"."email" = $1 LIMIT $2[0m  [["email", "me@email.com"], ["LIMIT", 1]]
  ↳ app/controllers/users_controller.rb:10:in `create'
  [1m[36mCACHE User Exists? (0.0ms)[0m  [1m[34mSELECT 1 AS one FROM "users" WHERE "users"."session_token" = $1 LIMIT $2[0m  [["session_token", "[FILTERED]"], ["LIMIT", 1]]
  ↳ app/controllers/users_controller.rb:10:in `create'
  [1m[36mUser Create (1.3ms)[0m  [1m[32mINSERT INTO "users" ("email", "password_digest", "session_token", "created_at", "updated_at") VALUES ($1, $2, $3, $4, $5) RETURNING "id"[0m  [["email", "me@email.com"], ["password_digest", "[FILTERED]"], ["session_token", "[FILTERED]"], ["created_at", "2023-03-14 22:20:45.341367"], ["updated_at", "2023-03-14 22:20:45.341367"]]
  ↳ app/controllers/users_controller.rb:10:in `create'
  [1m[36mTRANSACTION (1.1ms)[0m  [1m[35mCOMMIT[0m
  ↳ app/controllers/users_controller.rb:10:in `create'
  [1m[36mUser Exists? (0.1ms)[0m  [1m[34mSELECT 1 AS one FROM "users" WHERE "users"."session_token" = $1 LIMIT $2[0m  [["session_token", "[FILTERED]"], ["LIMIT", 1]]
  ↳ app/models/user.rb:47:in `block in generate_unique_session_token'
  [1m[36mTRANSACTION (0.1ms)[0m  [1m[35mBEGIN[0m
  ↳ app/models/user.rb:34:in `reset_session_token!'
  [1m[36mUser Exists? (0.1ms)[0m  [1m[34mSELECT 1 AS one FROM "users" WHERE "users"."email" = $1 AND "users"."id" != $2 LIMIT $3[0m  [["email", "me@email.com"], ["id", 5], ["LIMIT", 1]]
  ↳ app/models/user.rb:34:in `reset_session_token!'
  [1m[36mUser Exists? (0.1ms)[0m  [1m[34mSELECT 1 AS one FROM "users" WHERE "users"."session_token" = $1 AND "users"."id" != $2 LIMIT $3[0m  [["session_token", "[FILTERED]"], ["id", 5], ["LIMIT", 1]]
  ↳ app/models/user.rb:34:in `reset_session_token!'
  [1m[36mUser Update (0.5ms)[0m  [1m[33mUPDATE "users" SET "session_token" = $1, "updated_at" = $2 WHERE "users"."id" = $3[0m  [["session_token", "[FILTERED]"], ["updated_at", "2023-03-14 22:20:45.346907"], ["id", 5]]
  ↳ app/models/user.rb:34:in `reset_session_token!'
  [1m[36mTRANSACTION (0.2ms)[0m  [1m[35mCOMMIT[0m
  ↳ app/models/user.rb:34:in `reset_session_token!'
Redirected to http://localhost:3000/session/new
Completed 302 Found in 250ms (ActiveRecord: 4.6ms | Allocations: 10992)


Started GET "/session/new" for ::1 at 2023-03-14 15:20:45 -0700
Processing by SessionsController#new as HTML
  Rendering layout layouts/application.html.erb
  Rendering sessions/new.html.erb within layouts/application
  Rendered sessions/new.html.erb within layouts/application (Duration: 0.0ms | Allocations: 9)
  [1m[36mUser Load (0.1ms)[0m  [1m[34mSELECT "users".* FROM "users" WHERE "users"."session_token" IS NULL LIMIT $1[0m  [["LIMIT", 1]]
  ↳ app/controllers/application_controller.rb:7:in `current_user'
  Rendered layout layouts/application.html.erb (Duration: 1.5ms | Allocations: 2062)
Completed 200 OK in 2ms (Views: 1.5ms | ActiveRecord: 0.1ms | Allocations: 2328)


Started GET "/session/new" for ::1 at 2023-03-14 15:21:02 -0700
Processing by SessionsController#new as HTML
  Rendering layout layouts/application.html.erb
  Rendering sessions/new.html.erb within layouts/application
  Rendered sessions/new.html.erb within layouts/application (Duration: 0.1ms | Allocations: 7)
  [1m[36mUser Load (0.3ms)[0m  [1m[34mSELECT "users".* FROM "users" WHERE "users"."session_token" IS NULL LIMIT $1[0m  [["LIMIT", 1]]
  ↳ app/controllers/application_controller.rb:7:in `current_user'
  Rendered layout layouts/application.html.erb (Duration: 7.5ms | Allocations: 1872)
Completed 200 OK in 9ms (Views: 7.9ms | ActiveRecord: 0.3ms | Allocations: 2091)


Started GET "/session/new" for ::1 at 2023-03-14 15:21:04 -0700
Processing by SessionsController#new as HTML
  Rendering layout layouts/application.html.erb
  Rendering sessions/new.html.erb within layouts/application
  Rendered sessions/new.html.erb within layouts/application (Duration: 0.0ms | Allocations: 7)
  [1m[36mUser Load (0.3ms)[0m  [1m[34mSELECT "users".* FROM "users" WHERE "users"."session_token" IS NULL LIMIT $1[0m  [["LIMIT", 1]]
  ↳ app/controllers/application_controller.rb:7:in `current_user'
  Rendered layout layouts/application.html.erb (Duration: 7.5ms | Allocations: 1860)
Completed 200 OK in 9ms (Views: 8.3ms | ActiveRecord: 0.3ms | Allocations: 2079)


